0 info it worked if it ends with ok
1 verbose cli [ '/home/calvin/nvm/versions/io.js/v1.8.1/bin/iojs',
1 verbose cli   '/home/calvin/nvm/versions/io.js/v1.8.1/bin/npm',
1 verbose cli   'run',
1 verbose cli   'rebuild' ]
2 info using npm@2.8.3
3 info using node@v1.8.1
4 verbose stack Error: ENOENT: no such file or directory, open '/home/calvin/friends/app/package.json'
4 verbose stack     at Error (native)
5 verbose cwd /home/calvin/friends/app
6 error Linux 3.13.0-49-generic
7 error argv "/home/calvin/nvm/versions/io.js/v1.8.1/bin/iojs" "/home/calvin/nvm/versions/io.js/v1.8.1/bin/npm" "run" "rebuild"
8 error node v1.8.1
9 error npm  v2.8.3
10 error path /home/calvin/friends/app/package.json
11 error code ENOENT
12 error errno -2
13 error syscall open
14 error enoent ENOENT: no such file or directory, open '/home/calvin/friends/app/package.json'
14 error enoent This is most likely not a problem with npm itself
14 error enoent and is related to npm not being able to find a file.
15 verbose exit [ -2, true ]
